<?xml version="1.0" encoding="UTF-8"?>
<testsuite xmlns:xsi="http://www.w3.org/2001/XMLSchema-instance" xsi:noNamespaceSchemaLocation="https://maven.apache.org/surefire/maven-surefire-plugin/xsd/surefire-test-report.xsd" name="com.nested.AccountTest" time="0.062" tests="4" errors="0" skipped="0" failures="0">
  <properties>
[...]
</properties>
  <testcase name="depositIncreasesBalance" classname="com.nested.AccountTest$Depositing" time="0.035"/>
  <testcase name="depositingNegativeAmountFails" classname="com.nested.AccountTest$Depositing" time="0.006"/>
  <testcase name="withdrawingMoreThanBalanceFails" classname="com.nested.AccountTest$Withdrawing" time="0.003"/>
  <testcase name="withdrawDecreasesBalance" classname="com.nested.AccountTest$Withdrawing" time="0.002"/>
</testsuite>